2025-08-15T21:31:13 [i] Pegasus alpha16-89-g66433328 (2025-03-31)
2025-08-15T21:31:13 [i] Running on Arch Linux (x86_64, wayland)
2025-08-15T21:31:13 [i] Qt version 5.15.17
2025-08-15T21:31:13 [i] Program settings loaded (`/home/isaac/.config/pegasus-frontend/settings.txt`)
2025-08-15T21:31:13 [i] Found locale `ar`
2025-08-15T21:31:13 [i] Found locale `bs`
2025-08-15T21:31:13 [i] Found locale `ca`
2025-08-15T21:31:13 [i] Found locale `de`
2025-08-15T21:31:13 [i] Found locale `en-GB`
2025-08-15T21:31:13 [i] Found locale `en`
2025-08-15T21:31:13 [i] Found locale `es`
2025-08-15T21:31:13 [i] Found locale `fr`
2025-08-15T21:31:13 [i] Found locale `hu`
2025-08-15T21:31:13 [i] Found locale `it`
2025-08-15T21:31:13 [i] Found locale `ja`
2025-08-15T21:31:13 [i] Found locale `ko`
2025-08-15T21:31:13 [i] Found locale `lt`
2025-08-15T21:31:13 [i] Found locale `nl`
2025-08-15T21:31:13 [i] Found locale `pt-BR`
2025-08-15T21:31:13 [i] Found locale `ru`
2025-08-15T21:31:13 [i] Found locale `sv`
2025-08-15T21:31:13 [i] Found locale `zh-TW`
2025-08-15T21:31:13 [i] Found locale `zh`
2025-08-15T21:31:13 [i] Locale set to `en`
2025-08-15T21:31:13 [i] Found theme `Pegasus Grid` at `:/themes/pegasus-theme-grid/`
2025-08-15T21:31:13 [i] SDL version 2.32.56
2025-08-15T21:31:13 [i] Theme set to `Pegasus Grid` (`:/themes/pegasus-theme-grid/`)
2025-08-15T21:31:13 [w] qt.qpa.wayland: Wayland does not support QWindow::requestActivate()
2025-08-15T21:31:13 [i] Pegasus Metafiles: No metadata files found
2025-08-15T21:31:13 [i] Pegasus Metafiles: Finished searching in 0ms
2025-08-15T21:31:13 [i] Pegasus Media: Finished searching in 0ms
2025-08-15T21:31:13 [i] Steam: Found installation at `/home/isaac/.local/share/Steam/`
2025-08-15T21:31:13 [i] Steam: Found `/home/isaac/.local/share/Steam/config/config.vdf`
2025-08-15T21:31:13 [i] Steam: Found `/home/isaac/.local/share/Steam/steamapps/libraryfolders.vdf`
2025-08-15T21:31:13 [i] Steam: 3 games found
2025-08-15T21:31:13 [i] Steam: Finished searching in 5ms
2025-08-15T21:31:13 [i] GOG: 0 games found
2025-08-15T21:31:13 [i] GOG: Finished searching in 0ms
2025-08-15T21:31:13 [i] EmulationStation: No installation found
2025-08-15T21:31:13 [i] EmulationStation: Finished searching in 0ms
2025-08-15T21:31:13 [i] Logiqx: Finished searching in 0ms
2025-08-15T21:31:13 [i] Lutris: No installation found
2025-08-15T21:31:13 [i] Lutris: Finished searching in 0ms
2025-08-15T21:31:13 [i] Skraper Assets: 0 assets found
2025-08-15T21:31:13 [i] Skraper Assets: Finished searching in 0ms
2025-08-15T21:31:13 [i] Pegasus Favorites: Finished searching in 0ms
2025-08-15T21:31:13 [i] Pegasus Playtime: Finished searching in 0ms
2025-08-15T21:31:13 [i] Waiting for online sources...
2025-08-15T21:31:13 [i] SDL2: using default layout for gamepad #0
2025-08-15T21:31:13 [i] Gamepad: Connected device 0x0 (foostan Corne v4 System Control)
2025-08-15T21:31:13 [i] Waiting for online sources took 333ms
2025-08-15T21:31:13 [w] The collection 'GOG' has no valid games, ignored
2025-08-15T21:31:13 [i] Game list post-processing took 0ms
2025-08-15T21:31:13 [i] 3 games found
2025-08-15T21:31:46 [w] qrc:/frontend/menu/settings/common/MultivalueOption.qml:33: TypeError: Cannot read property 'width' of null
2025-08-15T21:31:58 [i] Closing Pegasus, goodbye!
